<?xml version="1.0" encoding="UTF-8"?>
<robot generator="Robot 3.2.2 (Python 3.8.6 on darwin)" generated="20201104 23:35:44.470" rpa="false">
<suite id="s1" name="Socket Send Message" source="/Users/leo/Documents/codes/texugo/tests/functional_tests/tests/socket_send_message.robot">
<test id="s1-t1" name="Running Texugo Docker Image">
<kw name="Verify Message" library="SocketInjector">
<arguments>
<arg>${port1}</arg>
<arg>${port2}</arg>
<arg>${message}</arg>
<arg>${destination}</arg>
</arguments>
<assign>
<var>${result}</var>
</assign>
<msg timestamp="20201104 23:35:44.496" level="INFO">${result} = test</msg>
<status status="PASS" starttime="20201104 23:35:44.495" endtime="20201104 23:35:44.496"></status>
</kw>
<kw name="Should Be Equal" library="BuiltIn">
<doc>Fails if the given objects are unequal.</doc>
<arguments>
<arg>${result}</arg>
<arg>${message}</arg>
</arguments>
<status status="PASS" starttime="20201104 23:35:44.496" endtime="20201104 23:35:44.497"></status>
</kw>
<timeout value="1 minute"></timeout>
<status status="PASS" starttime="20201104 23:35:44.495" endtime="20201104 23:35:44.497" critical="yes"></status>
</test>
<doc>
Testing Texugo Sockets Connection
</doc>
<status status="PASS" starttime="20201104 23:35:44.472" endtime="20201104 23:35:44.497"></status>
</suite>
<statistics>
<total>
<stat pass="1" fail="0">Critical Tests</stat>
<stat pass="1" fail="0">All Tests</stat>
</total>
<tag>
</tag>
<suite>
<stat pass="1" fail="0" id="s1" name="Socket Send Message">Socket Send Message</stat>
</suite>
</statistics>
<errors>
</errors>
</robot>
